This file contains any messages produced by compilers while
running configure, to aid debugging if configure makes a mistake.

It was created by configure, which was
generated by GNU Autoconf 2.69.  Invocation command line was

  $ ./configure 

## --------- ##
## Platform. ##
## --------- ##

hostname = stravinsky
uname -m = x86_64
uname -r = 3.18.3-201.fc21.x86_64
uname -s = Linux
uname -v = #1 SMP Mon Jan 19 15:59:31 UTC 2015

/usr/bin/uname -p = x86_64
/bin/uname -X     = unknown

/bin/arch              = x86_64
/usr/bin/arch -k       = unknown
/usr/convex/getsysinfo = unknown
/usr/bin/hostinfo      = unknown
/bin/machine           = unknown
/usr/bin/oslevel       = unknown
/bin/universe          = unknown

PATH: .
PATH: /bin
PATH: /sbin
PATH: /usr/bin
PATH: /usr/sbin
PATH: /usr/local/bin


## ----------- ##
## Core tests. ##
## ----------- ##

configure:2015: checking build system type
configure:2029: result: x86_64-unknown-linux-gnu
configure:2049: checking host system type
configure:2062: result: x86_64-unknown-linux-gnu
configure:2148: checking for gcc
configure:2164: found /bin/gcc
configure:2175: result: gcc
configure:2404: checking for C compiler version
configure:2413: gcc --version >&5
gcc (GCC) 4.9.2 20141101 (Red Hat 4.9.2-1)
Copyright (C) 2014 Free Software Foundation, Inc.
This is free software; see the source for copying conditions.  There is NO
warranty; not even for MERCHANTABILITY or FITNESS FOR A PARTICULAR PURPOSE.

configure:2424: $? = 0
configure:2413: gcc -v >&5
Using built-in specs.
COLLECT_GCC=gcc
COLLECT_LTO_WRAPPER=/usr/libexec/gcc/x86_64-redhat-linux/4.9.2/lto-wrapper
Target: x86_64-redhat-linux
Configured with: ../configure --prefix=/usr --mandir=/usr/share/man --infodir=/usr/share/info --with-bugurl=http://bugzilla.redhat.com/bugzilla --enable-bootstrap --enable-shared --enable-threads=posix --enable-checking=release --enable-multilib --with-system-zlib --enable-__cxa_atexit --disable-libunwind-exceptions --enable-gnu-unique-object --enable-linker-build-id --with-linker-hash-style=gnu --enable-languages=c,c++,objc,obj-c++,fortran,ada,go,lto --enable-plugin --enable-initfini-array --disable-libgcj --with-isl=/builddir/build/BUILD/gcc-4.9.2-20141101/obj-x86_64-redhat-linux/isl-install --with-cloog=/builddir/build/BUILD/gcc-4.9.2-20141101/obj-x86_64-redhat-linux/cloog-install --enable-gnu-indirect-function --with-tune=generic --with-arch_32=i686 --build=x86_64-redhat-linux
Thread model: posix
gcc version 4.9.2 20141101 (Red Hat 4.9.2-1) (GCC) 
configure:2424: $? = 0
configure:2413: gcc -V >&5
gcc: error: unrecognized command line option '-V'
gcc: fatal error: no input files
compilation terminated.
configure:2424: $? = 4
configure:2413: gcc -qversion >&5
gcc: error: unrecognized command line option '-qversion'
gcc: fatal error: no input files
compilation terminated.
configure:2424: $? = 4
configure:2444: checking whether the C compiler works
configure:2466: gcc    conftest.c  >&5
configure:2470: $? = 0
configure:2518: result: yes
configure:2521: checking for C compiler default output file name
configure:2523: result: a.out
configure:2529: checking for suffix of executables
configure:2536: gcc -o conftest    conftest.c  >&5
configure:2540: $? = 0
configure:2562: result: 
configure:2584: checking whether we are cross compiling
configure:2592: gcc -o conftest    conftest.c  >&5
configure:2596: $? = 0
configure:2603: ./conftest
configure:2607: $? = 0
configure:2622: result: no
configure:2627: checking for suffix of object files
configure:2649: gcc -c   conftest.c >&5
configure:2653: $? = 0
configure:2674: result: o
configure:2678: checking whether we are using the GNU C compiler
configure:2697: gcc -c   conftest.c >&5
configure:2697: $? = 0
configure:2706: result: yes
configure:2715: checking whether gcc accepts -g
configure:2735: gcc -c -g  conftest.c >&5
configure:2735: $? = 0
configure:2776: result: yes
configure:2793: checking for gcc option to accept ISO C89
configure:2856: gcc  -c -g -O2  conftest.c >&5
configure:2856: $? = 0
configure:2869: result: none needed
configure:2894: checking how to run the C preprocessor
configure:2925: gcc -E  conftest.c
configure:2925: $? = 0
configure:2939: gcc -E  conftest.c
conftest.c:9:28: fatal error: ac_nonexistent.h: No such file or directory
 #include <ac_nonexistent.h>
                            ^
compilation terminated.
configure:2939: $? = 1
configure: failed program was:
| /* confdefs.h */
| #define PACKAGE_NAME ""
| #define PACKAGE_TARNAME ""
| #define PACKAGE_VERSION ""
| #define PACKAGE_STRING ""
| #define PACKAGE_BUGREPORT ""
| #define PACKAGE_URL ""
| /* end confdefs.h.  */
| #include <ac_nonexistent.h>
configure:2964: result: gcc -E
configure:2984: gcc -E  conftest.c
configure:2984: $? = 0
configure:2998: gcc -E  conftest.c
conftest.c:9:28: fatal error: ac_nonexistent.h: No such file or directory
 #include <ac_nonexistent.h>
                            ^
compilation terminated.
configure:2998: $? = 1
configure: failed program was:
| /* confdefs.h */
| #define PACKAGE_NAME ""
| #define PACKAGE_TARNAME ""
| #define PACKAGE_VERSION ""
| #define PACKAGE_STRING ""
| #define PACKAGE_BUGREPORT ""
| #define PACKAGE_URL ""
| /* end confdefs.h.  */
| #include <ac_nonexistent.h>
configure:3027: checking for library containing strerror
configure:3058: gcc -o conftest -g -O2   conftest.c  >&5
configure:3058: $? = 0
configure:3075: result: none required
configure:3100: checking for a BSD-compatible install
configure:3168: result: /bin/install -c
configure:3222: checking for ranlib
configure:3238: found /bin/ranlib
configure:3249: result: ranlib
configure:3273: checking for autoconf
configure:3289: found /bin/autoconf
configure:3301: result: autoconf
configure:3311: checking for cp
configure:3327: found /bin/cp
configure:3339: result: cp
configure:3349: checking for rm
configure:3365: found /bin/rm
configure:3377: result: rm
configure:3393: checking for grep that handles long lines and -e
configure:3451: result: /bin/grep
configure:3456: checking for egrep
configure:3518: result: /bin/grep -E
configure:3523: checking for ANSI C header files
configure:3543: gcc -c -g -O2  conftest.c >&5
configure:3543: $? = 0
configure:3616: gcc -o conftest -g -O2   conftest.c  >&5
configure:3616: $? = 0
configure:3616: ./conftest
configure:3616: $? = 0
configure:3627: result: yes
configure:3638: checking for setenv
configure:3638: gcc -o conftest -g -O2   conftest.c  >&5
configure:3638: $? = 0
configure:3638: result: yes
configure:3638: checking for putenv
configure:3638: gcc -o conftest -g -O2   conftest.c  >&5
configure:3638: $? = 0
configure:3638: result: yes
configure:3707: checking for tclsh
configure:3723: found /bin/tclsh
configure:3734: result: tclsh
configure:3807: checking for magic
configure:3825: found /usr/local/bin/magic
configure:3837: result: /usr/local/bin/magic
configure:3910: checking for qrouter
configure:3928: found /usr/local/bin/qrouter
configure:3940: result: /usr/local/bin/qrouter
configure:4013: checking for graywolf
configure:4031: found /usr/local/bin/graywolf
configure:4043: result: /usr/local/bin/graywolf
configure:4116: checking for yosys
configure:4134: found /usr/local/bin/yosys
configure:4146: result: /usr/local/bin/yosys
configure:4363: creating ./config.status

## ---------------------- ##
## Running config.status. ##
## ---------------------- ##

This file was extended by config.status, which was
generated by GNU Autoconf 2.69.  Invocation command line was

  CONFIG_FILES    = 
  CONFIG_HEADERS  = 
  CONFIG_LINKS    = 
  CONFIG_COMMANDS = 
  $ ./config.status 

on stravinsky

config.status:755: creating Makefile
config.status:755: creating scripts/Makefile
config.status:755: creating src/Makefile
config.status:755: creating tech/Makefile
config.status:755: creating tech/osu035/Makefile
config.status:755: creating tech/osu050/Makefile

## ---------------- ##
## Cache variables. ##
## ---------------- ##

ac_cv_build=x86_64-unknown-linux-gnu
ac_cv_c_compiler_gnu=yes
ac_cv_env_CC_set=
ac_cv_env_CC_value=
ac_cv_env_CFLAGS_set=
ac_cv_env_CFLAGS_value=
ac_cv_env_CPPFLAGS_set=
ac_cv_env_CPPFLAGS_value=
ac_cv_env_CPP_set=
ac_cv_env_CPP_value=
ac_cv_env_LDFLAGS_set=
ac_cv_env_LDFLAGS_value=
ac_cv_env_LIBS_set=
ac_cv_env_LIBS_value=
ac_cv_env_build_alias_set=
ac_cv_env_build_alias_value=
ac_cv_env_host_alias_set=
ac_cv_env_host_alias_value=
ac_cv_env_target_alias_set=
ac_cv_env_target_alias_value=
ac_cv_func_putenv=yes
ac_cv_func_setenv=yes
ac_cv_header_stdc=yes
ac_cv_host=x86_64-unknown-linux-gnu
ac_cv_objext=o
ac_cv_path_EGREP='/bin/grep -E'
ac_cv_path_GREP=/bin/grep
ac_cv_path_QFLOW_GRAYWOLF_PATH=/usr/local/bin/graywolf
ac_cv_path_QFLOW_MAGIC_PATH=/usr/local/bin/magic
ac_cv_path_QFLOW_QROUTER_PATH=/usr/local/bin/qrouter
ac_cv_path_QFLOW_YOSYS_PATH=/usr/local/bin/yosys
ac_cv_path_install='/bin/install -c'
ac_cv_prog_AUTOCONF=autoconf
ac_cv_prog_CP=cp
ac_cv_prog_CPP='gcc -E'
ac_cv_prog_RM=rm
ac_cv_prog_TCLSH_PATH=tclsh
ac_cv_prog_ac_ct_CC=gcc
ac_cv_prog_ac_ct_RANLIB=ranlib
ac_cv_prog_cc_c89=
ac_cv_prog_cc_g=yes
ac_cv_search_strerror='none required'

## ----------------- ##
## Output variables. ##
## ----------------- ##

AUTOCONF='autoconf'
CC='gcc'
CFLAGS='-g -O2'
CP='cp'
CPP='gcc -E'
CPPFLAGS=''
DEFS='-DPACKAGE_NAME=\"\" -DPACKAGE_TARNAME=\"\" -DPACKAGE_VERSION=\"\" -DPACKAGE_STRING=\"\" -DPACKAGE_BUGREPORT=\"\" -DPACKAGE_URL=\"\" -DSTDC_HEADERS=1 -DHAVE_SETENV=1 -DHAVE_PUTENV=1 -DTCLSH_PATH=\"tclsh\" -DQFLOW_MAGIC_PATH=\"/usr/local/bin/magic\" -DQFLOW_QROUTER_PATH=\"/usr/local/bin/qrouter\" -DQFLOW_GRAYWOLF_PATH=\"/usr/local/bin/graywolf\" -DQFLOW_YOSYS_PATH=\"/usr/local/bin/yosys\"'
ECHO_C=''
ECHO_N='-n'
ECHO_T=''
EGREP='/bin/grep -E'
EXEEXT=''
GREP='/bin/grep'
HAVE_YOSYS='1'
INSTALL_DATA='${INSTALL} -m 644'
INSTALL_PROGRAM='${INSTALL}'
INSTALL_SCRIPT='${INSTALL}'
LD=''
LDFLAGS=''
LIBOBJS=''
LIBS=''
LTLIBOBJS=''
OBJEXT='o'
PACKAGE_BUGREPORT=''
PACKAGE_NAME=''
PACKAGE_STRING=''
PACKAGE_TARNAME=''
PACKAGE_URL=''
PACKAGE_VERSION=''
PATH_SEPARATOR=':'
QFLOW_BIN_DIR='/usr/local/bin'
QFLOW_GRAYWOLF_PATH='/usr/local/bin/graywolf'
QFLOW_LIB_DIR='/usr/local/share/qflow'
QFLOW_MAGIC_PATH='/usr/local/bin/magic'
QFLOW_QROUTER_PATH='/usr/local/bin/qrouter'
QFLOW_YOSYS_PATH='/usr/local/bin/yosys'
RANLIB='ranlib'
RM='rm'
SHELL='/bin/sh'
STDLIBS=''
TCLSH_PATH='tclsh'
VERSION='1.1'
ac_ct_CC='gcc'
bindir='${exec_prefix}/bin'
build='x86_64-unknown-linux-gnu'
build_alias=''
build_cpu='x86_64'
build_os='linux-gnu'
build_vendor='unknown'
datadir='${datarootdir}'
datarootdir='${prefix}/share'
docdir='${datarootdir}/doc/${PACKAGE}'
dvidir='${docdir}'
exec_prefix='${prefix}'
host='x86_64-unknown-linux-gnu'
host_alias=''
host_cpu='x86_64'
host_os='linux-gnu'
host_vendor='unknown'
htmldir='${docdir}'
includedir='${prefix}/include'
infodir='${datarootdir}/info'
libdir='${exec_prefix}/lib'
libexecdir='${exec_prefix}/libexec'
localedir='${datarootdir}/locale'
localstatedir='${prefix}/var'
mandir='${datarootdir}/man'
oldincludedir='/usr/include'
pdfdir='${docdir}'
prefix='/usr/local'
program_transform_name='s,x,x,'
psdir='${docdir}'
sbindir='${exec_prefix}/sbin'
sharedstatedir='${prefix}/com'
sysconfdir='${prefix}/etc'
target_alias=''

## ----------- ##
## confdefs.h. ##
## ----------- ##

/* confdefs.h */
#define PACKAGE_NAME ""
#define PACKAGE_TARNAME ""
#define PACKAGE_VERSION ""
#define PACKAGE_STRING ""
#define PACKAGE_BUGREPORT ""
#define PACKAGE_URL ""
#define STDC_HEADERS 1
#define HAVE_SETENV 1
#define HAVE_PUTENV 1
#define TCLSH_PATH "tclsh"
#define QFLOW_MAGIC_PATH "/usr/local/bin/magic"
#define QFLOW_QROUTER_PATH "/usr/local/bin/qrouter"
#define QFLOW_GRAYWOLF_PATH "/usr/local/bin/graywolf"
#define QFLOW_YOSYS_PATH "/usr/local/bin/yosys"

configure: exit 0
